[11:01:17 AM] [LOG] [Network] WebSocket server is listening on port 443
[11:01:17 AM] [LOG] [Content] Loading base content-pack
[11:01:17 AM] [LOG] [Content] Loaded 10 entities
[11:01:18 AM] [ERROR] [CommandSystem] Invalid command from path: C:\Users\HP\Desktop\nostarve-server-master (1)\famish server code\compiled\command\commands\building\clean-building.js
[11:01:19 AM] [WARN] [TICKER] TPS: 1.3315579227696406 | DELTA: 0.751
[11:01:19 AM] [WARN] [TICKER] TPS: 12.048192771084336 | DELTA: 0.083
[11:01:20 AM] [WARN] [TICKER] TPS: 13.698630136986303 | DELTA: 0.073
[11:01:20 AM] [LOG] [Discord] Ready!
[11:01:25 AM] [WARN] [TICKER] TPS: 19.607843137254903 | DELTA: 0.051
[11:01:26 AM] [LOG] [Network] Connected with 0.0.0.1 ip
[11:01:26 AM] [WARN] [TICKER] TPS: 15.625 | DELTA: 0.064
[11:01:30 AM] [WARN] [TICKER] TPS: 7.936507936507937 | DELTA: 0.126
[11:01:30 AM] [WARN] [TICKER] TPS: 17.241379310344826 | DELTA: 0.058
[11:01:42 AM] [WARN] [TICKER] TPS: 10.989010989010989 | DELTA: 0.091
[11:01:44 AM] [LOG] [Network] Connected with 0.0.0.1 ip
[11:01:49 AM] [LOG] [Command] restarver#2 issued command: tpt 1
[11:01:54 AM] [WARN] [TICKER] TPS: 10 | DELTA: 0.1
[11:01:56 AM] [WARN] [TICKER] TPS: 9.803921568627452 | DELTA: 0.102
[11:02:02 AM] [LOG] [Command] restarver#1 issued command: ci
[11:02:06 AM] [WARN] [TICKER] TPS: 11.76470588235294 | DELTA: 0.085
[11:02:06 AM] [LOG] [Command] restarver#1 issued command: g 1 lava_sword
[11:02:08 AM] [LOG] [Command] restarver#1 issued command: g 1 lava_spear
[11:02:17 AM] [LOG] [Command] restarver#1 issued command: g 1 lava_helmet
[11:02:18 AM] [WARN] [TICKER] TPS: 10.204081632653061 | DELTA: 0.098
[11:02:20 AM] [WARN] [TICKER] TPS: 11.76470588235294 | DELTA: 0.085
[11:02:28 AM] [WARN] [TICKER] TPS: 18.181818181818183 | DELTA: 0.055
[11:02:30 AM] [WARN] [TICKER] TPS: 11.76470588235294 | DELTA: 0.085
[11:02:34 AM] [WARN] [TICKER] TPS: 17.543859649122805 | DELTA: 0.057
[11:02:36 AM] [WARN] [TICKER] TPS: 16.666666666666668 | DELTA: 0.06
[11:02:40 AM] [WARN] [TICKER] TPS: 19.23076923076923 | DELTA: 0.052
[11:02:42 AM] [WARN] [TICKER] TPS: 13.333333333333334 | DELTA: 0.075
[11:02:44 AM] [WARN] [TICKER] TPS: 12.048192771084336 | DELTA: 0.083
[11:02:50 AM] [WARN] [TICKER] TPS: 15.873015873015873 | DELTA: 0.063
[11:02:54 AM] [WARN] [TICKER] TPS: 10 | DELTA: 0.1
[11:02:56 AM] [WARN] [TICKER] TPS: 15.384615384615383 | DELTA: 0.065
[11:02:57 AM] [WARN] [TICKER] TPS: 18.867924528301888 | DELTA: 0.053
[11:03:06 AM] [WARN] [TICKER] TPS: 10.309278350515463 | DELTA: 0.097
[11:03:11 AM] [LOG] [Command] restarver#2 issued command: heal
[11:03:15 AM] [LOG] Player restarver#2|2 died by restarver#1|1 with reason 3
[11:03:15 AM] [LOG] [Network] Disconnected with 0.0.0.1 ip 1006 [object ArrayBuffer]
[11:03:18 AM] [WARN] [TICKER] TPS: 8.403361344537815 | DELTA: 0.119
[11:03:25 AM] [WARN] [TICKER] TPS: 16.39344262295082 | DELTA: 0.061
[11:03:26 AM] [WARN] [TICKER] TPS: 15.384615384615383 | DELTA: 0.065
[11:03:30 AM] [WARN] [TICKER] TPS: 16.39344262295082 | DELTA: 0.061
[11:03:40 AM] [WARN] [TICKER] TPS: 16.39344262295082 | DELTA: 0.061
[11:03:41 AM] [WARN] [TICKER] TPS: 19.607843137254903 | DELTA: 0.051
[11:03:41 AM] [WARN] [TICKER] TPS: 19.23076923076923 | DELTA: 0.052
[11:03:42 AM] [WARN] [TICKER] TPS: 11.904761904761903 | DELTA: 0.084
[11:03:42 AM] [WARN] [TICKER] TPS: 19.607843137254903 | DELTA: 0.051
[11:03:42 AM] [WARN] [TICKER] TPS: 15.384615384615383 | DELTA: 0.065
[11:03:44 AM] [WARN] [TICKER] TPS: 19.607843137254903 | DELTA: 0.051
[11:03:45 AM] [WARN] [TICKER] TPS: 6.25 | DELTA: 0.16
[11:03:54 AM] [WARN] [TICKER] TPS: 13.333333333333334 | DELTA: 0.075
[11:04:01 AM] [WARN] [TICKER] TPS: 17.543859649122805 | DELTA: 0.057
[11:04:02 AM] [WARN] [TICKER] TPS: 15.625 | DELTA: 0.064
[11:04:06 AM] [WARN] [TICKER] TPS: 8.130081300813009 | DELTA: 0.123
[11:04:08 AM] [WARN] [TICKER] TPS: 4.25531914893617 | DELTA: 0.235
[11:04:09 AM] [WARN] [TICKER] TPS: 6.849315068493151 | DELTA: 0.146
[11:04:09 AM] [WARN] [TICKER] TPS: 15.625 | DELTA: 0.064
[11:04:10 AM] [WARN] [TICKER] TPS: 15.625 | DELTA: 0.064
[11:04:11 AM] [WARN] [TICKER] TPS: 19.23076923076923 | DELTA: 0.052
[11:04:17 AM] [WARN] [TICKER] TPS: 19.23076923076923 | DELTA: 0.052
[11:04:18 AM] [WARN] [TICKER] TPS: 12.345679012345679 | DELTA: 0.081
[11:04:30 AM] [WARN] [TICKER] TPS: 19.23076923076923 | DELTA: 0.052
[11:04:42 AM] [WARN] [TICKER] TPS: 16.666666666666668 | DELTA: 0.06
[11:05:06 AM] [WARN] [TICKER] TPS: 18.867924528301888 | DELTA: 0.053
[11:05:27 AM] [WARN] [TICKER] TPS: 18.51851851851852 | DELTA: 0.054
[11:05:30 AM] [WARN] [TICKER] TPS: 12.5 | DELTA: 0.08
