[5:10:02 PM] [LOG] [Network] WebSocket server is listening on port 443
[5:10:02 PM] [LOG] [Content] Loading base content-pack
[5:10:02 PM] [LOG] [Content] Loaded 10 entities
[5:10:02 PM] [ERROR] [CommandSystem] Invalid command from path: C:\Users\HP\Desktop\nostarve-server-master (1)\famish server code\compiled\command\commands\building\clean-building.js
[5:10:03 PM] [WARN] [TICKER] TPS: 2.6041666666666665 | DELTA: 0.384
[5:10:03 PM] [WARN] [TICKER] TPS: 6.5359477124183005 | DELTA: 0.153
[5:10:03 PM] [WARN] [TICKER] TPS: 12.345679012345679 | DELTA: 0.081
[5:10:03 PM] [WARN] [TICKER] TPS: 16.666666666666668 | DELTA: 0.06
[5:10:03 PM] [WARN] [TICKER] TPS: 16.129032258064516 | DELTA: 0.062
[5:10:03 PM] [WARN] [TICKER] TPS: 13.157894736842106 | DELTA: 0.076
[5:10:03 PM] [WARN] [TICKER] TPS: 18.867924528301888 | DELTA: 0.053
[5:10:04 PM] [LOG] [Discord] Ready!
[5:10:08 PM] [LOG] [SaveSystem] Loaded 2 players & 3 buildings & 0 crates
[5:10:09 PM] [LOG] [Network] Connected with 0.0.0.1 ip
[5:10:11 PM] [LOG] [Network] Connected with 0.0.0.1 ip
[5:10:14 PM] [WARN] [TICKER] TPS: 10.989010989010989 | DELTA: 0.091
[5:10:15 PM] [LOG] [Command] restarver#3 issued command: tpt 1
[5:10:28 PM] [WARN] [TICKER] TPS: 15.384615384615383 | DELTA: 0.065
[5:10:36 PM] [LOG] Player restarver#1|1 died by restarver#2|2 with reason 3
[5:10:44 PM] [LOG] Player restarver#3|3 died by restarver#2|2 with reason 3
[5:10:44 PM] [LOG] [Network] Disconnected with 0.0.0.1 ip 1006 [object ArrayBuffer]
[5:10:46 PM] [WARN] [TICKER] TPS: 18.181818181818183 | DELTA: 0.055
[5:10:50 PM] [WARN] [TICKER] TPS: 18.181818181818183 | DELTA: 0.055
[5:10:52 PM] [WARN] [TICKER] TPS: 17.241379310344826 | DELTA: 0.058
[5:10:52 PM] [WARN] [TICKER] TPS: 18.867924528301888 | DELTA: 0.053
