[11:18:21 AM] [LOG] [Network] WebSocket server is listening on port 443
[11:18:21 AM] [LOG] [Content] Loading base content-pack
[11:18:21 AM] [LOG] [Content] Loaded 10 entities
[11:18:21 AM] [ERROR] [CommandSystem] Invalid command from path: C:\Users\HP\Desktop\nostarve-server-master (1)\famish server code\compiled\command\commands\building\clean-building.js
[11:18:22 AM] [WARN] [TICKER] TPS: 4.273504273504273 | DELTA: 0.234
[11:18:22 AM] [WARN] [TICKER] TPS: 18.867924528301888 | DELTA: 0.053
[11:18:23 AM] [LOG] [Discord] Ready!
[11:18:23 AM] [WARN] [TICKER] TPS: 16.666666666666668 | DELTA: 0.06
[11:18:30 AM] [WARN] [TICKER] TPS: 8.695652173913043 | DELTA: 0.115
[11:18:31 AM] [WARN] [TICKER] TPS: 11.11111111111111 | DELTA: 0.09
[11:18:31 AM] [WARN] [TICKER] TPS: 15.384615384615383 | DELTA: 0.065
[11:18:31 AM] [WARN] [TICKER] TPS: 14.285714285714285 | DELTA: 0.07
[11:18:31 AM] [WARN] [TICKER] TPS: 14.492753623188404 | DELTA: 0.069
[11:18:33 AM] [WARN] [TICKER] TPS: 5.319148936170213 | DELTA: 0.188
[11:18:35 AM] [WARN] [TICKER] TPS: 19.23076923076923 | DELTA: 0.052
[11:18:38 AM] [LOG] [Network] Connected with 0.0.0.1 ip
[11:18:38 AM] [WARN] [TICKER] TPS: 18.867924528301888 | DELTA: 0.053
[11:18:39 AM] [WARN] [TICKER] TPS: 15.384615384615383 | DELTA: 0.065
[11:18:42 AM] [LOG] [Command] restarver#1 issued command: tp 1 148 6
[11:18:43 AM] [LOG] [Command] restarver#1 issued command: tp 1 148 4
[11:18:43 AM] [LOG] [Command] restarver#1 issued command: tp 1 148 2
[11:18:44 AM] [WARN] [TICKER] TPS: 19.23076923076923 | DELTA: 0.052
[11:18:44 AM] [LOG] [Command] restarver#1 issued command: tp 1 139 1
[11:18:45 AM] [LOG] [Command] restarver#1 issued command: tp 1 136 1
[11:18:45 AM] [WARN] [TICKER] TPS: 9.090909090909092 | DELTA: 0.11
[11:18:46 AM] [LOG] [Command] restarver#1 issued command: tp 1 126 1
[11:18:46 AM] [LOG] [Command] restarver#1 issued command: tp 1 117 1
[11:18:46 AM] [LOG] [Command] restarver#1 issued command: tp 1 108 1
[11:18:47 AM] [LOG] [Command] restarver#1 issued command: tp 1 101 1
[11:18:47 AM] [LOG] [Command] restarver#1 issued command: tp 1 94 1
[11:18:47 AM] [LOG] [Command] restarver#1 issued command: tp 1 88 1
[11:18:47 AM] [LOG] [Command] restarver#1 issued command: tp 1 82 1
[11:18:47 AM] [LOG] [Command] restarver#1 issued command: tp 1 75 1
[11:18:48 AM] [LOG] [Command] restarver#1 issued command: tp 1 69 1
[11:18:48 AM] [LOG] [Command] restarver#1 issued command: tp 1 64 1
[11:18:48 AM] [WARN] [TICKER] TPS: 14.492753623188404 | DELTA: 0.069
[11:18:48 AM] [LOG] [Command] restarver#1 issued command: tp 1 58 1
[11:18:48 AM] [WARN] [TICKER] TPS: 8.264462809917356 | DELTA: 0.121
[11:18:48 AM] [LOG] [Command] restarver#1 issued command: tp 1 51 1
[11:18:48 AM] [LOG] [Command] restarver#1 issued command: tp 1 44 1
[11:18:49 AM] [LOG] [Command] restarver#1 issued command: tp 1 37 1
[11:18:49 AM] [LOG] [Command] restarver#1 issued command: tp 1 30 1
[11:18:49 AM] [LOG] [Command] restarver#1 issued command: tp 1 23 1
[11:18:50 AM] [LOG] [Command] restarver#1 issued command: tp 1 14 1
[11:18:50 AM] [LOG] [Command] restarver#1 issued command: tp 1 5 1
[11:18:50 AM] [LOG] [Command] restarver#1 issued command: tp 1 0 1
[11:18:57 AM] [WARN] [TICKER] TPS: 5.58659217877095 | DELTA: 0.179
[11:19:03 AM] [WARN] [TICKER] TPS: 16.39344262295082 | DELTA: 0.061
[11:19:07 AM] [LOG] [Command] restarver#1 issued command: tp 80 80
[11:19:09 AM] [WARN] [TICKER] TPS: 13.333333333333334 | DELTA: 0.075
[11:19:15 AM] [LOG] [Command] restarver#1 issued command: tp 140 5
[11:19:21 AM] [WARN] [TICKER] TPS: 13.88888888888889 | DELTA: 0.072
[11:19:22 AM] [LOG] [Command] restarver#1 issued command: tp 140 0
[11:19:25 AM] [LOG] [Command] restarver#1 issued command: tp 140 5
[11:19:32 AM] [LOG] [Command] restarver#1 issued command: tp 5 140
[11:19:33 AM] [WARN] [TICKER] TPS: 11.627906976744187 | DELTA: 0.086
[11:19:36 AM] [WARN] [TICKER] TPS: 11.904761904761903 | DELTA: 0.084
[11:19:36 AM] [WARN] [TICKER] TPS: 17.241379310344826 | DELTA: 0.058
[11:19:44 AM] [LOG] [Command] restarver#1 issued command: tp 140 140
[11:19:45 AM] [WARN] [TICKER] TPS: 12.5 | DELTA: 0.08
[11:19:57 AM] [WARN] [TICKER] TPS: 11.627906976744187 | DELTA: 0.086
[11:20:14 AM] [WARN] [TICKER] TPS: 17.241379310344826 | DELTA: 0.058
[11:20:15 AM] [WARN] [TICKER] TPS: 18.181818181818183 | DELTA: 0.055
