[12:46:22 PM] [LOG] [Network] WebSocket server is listening on port 443
[12:46:22 PM] [LOG] [Content] Loading base content-pack
[12:46:22 PM] [LOG] [Content] Loaded 10 entities
[12:46:22 PM] [ERROR] [CommandSystem] Invalid command from path: C:\Users\HP\Desktop\nostarve-server-master (1)\famish server code\compiled\command\commands\building\clean-building.js
[12:46:22 PM] [WARN] [TICKER] TPS: 4.166666666666667 | DELTA: 0.24
[12:46:23 PM] [LOG] [Discord] Ready!
[12:46:29 PM] [LOG] [Network] Connected with 0.0.0.1 ip
[12:46:34 PM] [WARN] [TICKER] TPS: 11.11111111111111 | DELTA: 0.09
[12:46:57 PM] [WARN] [TICKER] TPS: 17.857142857142858 | DELTA: 0.056
[12:47:24 PM] [LOG] [Command] restarver#1 issued command: ci
[12:47:34 PM] [LOG] [Command] restarver#1 issued command: tp 1 62 67
[12:47:34 PM] [WARN] [TICKER] TPS: 18.867924528301888 | DELTA: 0.053
[12:47:34 PM] [LOG] [Command] restarver#1 issued command: tp 1 70 69
[12:47:35 PM] [LOG] [Command] restarver#1 issued command: tp 1 76 68
[12:47:36 PM] [LOG] [Command] restarver#1 issued command: tp 1 80 70
[12:47:38 PM] [WARN] [TICKER] TPS: 11.627906976744187 | DELTA: 0.086
[12:47:48 PM] [LOG] [Command] restarver#1 issued command: ci
[12:48:10 PM] [WARN] [TICKER] TPS: 19.607843137254903 | DELTA: 0.051
[12:48:39 PM] [LOG] [Command] restarver#1 issued command: cia
[12:48:50 PM] [WARN] [TICKER] TPS: 17.543859649122805 | DELTA: 0.057
[12:49:07 PM] [WARN] [TICKER] TPS: 17.857142857142858 | DELTA: 0.056
[12:49:36 PM] [WARN] [TICKER] TPS: 13.157894736842106 | DELTA: 0.076
[12:49:51 PM] [LOG] [Command] restarver#1 issued command: ci
[12:49:54 PM] [LOG] [Command] restarver#1 issued command: cba
[12:49:58 PM] [WARN] [TICKER] TPS: 18.867924528301888 | DELTA: 0.053
[12:50:13 PM] [LOG] [Command] restarver#1 issued command: ci
[12:51:15 PM] [LOG] [Network] Disconnected with 0.0.0.1 ip 1001 [object ArrayBuffer]
[12:52:03 PM] [LOG] [Network] Connected with 0.0.0.1 ip
[12:52:07 PM] [LOG] [Command] restarver#1 issued command: ci
[12:52:16 PM] [WARN] [TICKER] TPS: 19.23076923076923 | DELTA: 0.052
[12:52:36 PM] [WARN] [TICKER] TPS: 17.543859649122805 | DELTA: 0.057
[12:52:38 PM] [WARN] [TICKER] TPS: 14.705882352941176 | DELTA: 0.068
[12:52:40 PM] [WARN] [TICKER] TPS: 18.867924528301888 | DELTA: 0.053
[12:52:41 PM] [WARN] [TICKER] TPS: 16.39344262295082 | DELTA: 0.061
[12:52:43 PM] [WARN] [TICKER] TPS: 14.925373134328357 | DELTA: 0.067
[12:52:50 PM] [WARN] [TICKER] TPS: 17.857142857142858 | DELTA: 0.056
[12:52:50 PM] [WARN] [TICKER] TPS: 15.873015873015873 | DELTA: 0.063
[12:52:52 PM] [WARN] [TICKER] TPS: 15.625 | DELTA: 0.064
[12:54:10 PM] [WARN] [TICKER] TPS: 16.39344262295082 | DELTA: 0.061
[12:55:10 PM] [WARN] [TICKER] TPS: 13.513513513513514 | DELTA: 0.074
[12:55:11 PM] [WARN] [TICKER] TPS: 16.949152542372882 | DELTA: 0.059
[12:55:22 PM] [WARN] [TICKER] TPS: 14.285714285714285 | DELTA: 0.07
[12:55:34 PM] [WARN] [TICKER] TPS: 2.949852507374631 | DELTA: 0.339
[12:55:35 PM] [WARN] [TICKER] TPS: 11.11111111111111 | DELTA: 0.09
[12:55:35 PM] [WARN] [TICKER] TPS: 9.345794392523365 | DELTA: 0.107
[12:55:35 PM] [WARN] [TICKER] TPS: 3.745318352059925 | DELTA: 0.267
[12:55:35 PM] [WARN] [TICKER] TPS: 12.5 | DELTA: 0.08
[12:55:35 PM] [WARN] [TICKER] TPS: 11.49425287356322 | DELTA: 0.087
[12:55:36 PM] [WARN] [TICKER] TPS: 14.285714285714285 | DELTA: 0.07
[12:55:36 PM] [WARN] [TICKER] TPS: 11.11111111111111 | DELTA: 0.09
[12:55:36 PM] [WARN] [TICKER] TPS: 19.607843137254903 | DELTA: 0.051
[12:55:36 PM] [WARN] [TICKER] TPS: 6.097560975609756 | DELTA: 0.164
[12:55:36 PM] [WARN] [TICKER] TPS: 11.76470588235294 | DELTA: 0.085
[12:55:37 PM] [WARN] [TICKER] TPS: 8.264462809917356 | DELTA: 0.121
[12:55:37 PM] [WARN] [TICKER] TPS: 11.904761904761903 | DELTA: 0.084
[12:55:37 PM] [WARN] [TICKER] TPS: 9.345794392523365 | DELTA: 0.107
[12:55:37 PM] [WARN] [TICKER] TPS: 17.543859649122805 | DELTA: 0.057
[12:55:37 PM] [WARN] [TICKER] TPS: 13.157894736842106 | DELTA: 0.076
[12:55:38 PM] [WARN] [TICKER] TPS: 14.492753623188404 | DELTA: 0.069
[12:55:38 PM] [WARN] [TICKER] TPS: 18.867924528301888 | DELTA: 0.053
[12:55:38 PM] [WARN] [TICKER] TPS: 18.181818181818183 | DELTA: 0.055
[12:55:39 PM] [WARN] [TICKER] TPS: 19.23076923076923 | DELTA: 0.052
[12:55:39 PM] [WARN] [TICKER] TPS: 12.195121951219512 | DELTA: 0.082
[12:55:39 PM] [WARN] [TICKER] TPS: 10.204081632653061 | DELTA: 0.098
[12:55:39 PM] [WARN] [TICKER] TPS: 16.39344262295082 | DELTA: 0.061
[12:55:39 PM] [WARN] [TICKER] TPS: 18.51851851851852 | DELTA: 0.054
[12:55:40 PM] [WARN] [TICKER] TPS: 7.874015748031496 | DELTA: 0.127
[12:55:40 PM] [WARN] [TICKER] TPS: 12.345679012345679 | DELTA: 0.081
[12:55:40 PM] [WARN] [TICKER] TPS: 15.873015873015873 | DELTA: 0.063
[12:55:40 PM] [WARN] [TICKER] TPS: 14.285714285714285 | DELTA: 0.07
[12:55:41 PM] [WARN] [TICKER] TPS: 19.607843137254903 | DELTA: 0.051
[12:55:41 PM] [WARN] [TICKER] TPS: 17.857142857142858 | DELTA: 0.056
[12:55:42 PM] [WARN] [TICKER] TPS: 4.901960784313726 | DELTA: 0.204
[12:55:42 PM] [WARN] [TICKER] TPS: 19.607843137254903 | DELTA: 0.051
[12:55:42 PM] [WARN] [TICKER] TPS: 18.181818181818183 | DELTA: 0.055
[12:55:42 PM] [WARN] [TICKER] TPS: 19.23076923076923 | DELTA: 0.052
[12:55:42 PM] [WARN] [TICKER] TPS: 6.25 | DELTA: 0.16
[12:55:42 PM] [WARN] [TICKER] TPS: 15.384615384615383 | DELTA: 0.065
[12:55:43 PM] [WARN] [TICKER] TPS: 18.51851851851852 | DELTA: 0.054
[12:55:43 PM] [WARN] [TICKER] TPS: 15.384615384615383 | DELTA: 0.065
[12:55:43 PM] [WARN] [TICKER] TPS: 14.285714285714285 | DELTA: 0.07
[12:55:43 PM] [WARN] [TICKER] TPS: 19.607843137254903 | DELTA: 0.051
[12:55:43 PM] [WARN] [TICKER] TPS: 13.88888888888889 | DELTA: 0.072
[12:55:44 PM] [WARN] [TICKER] TPS: 17.857142857142858 | DELTA: 0.056
[12:55:44 PM] [WARN] [TICKER] TPS: 12.048192771084336 | DELTA: 0.083
[12:55:44 PM] [WARN] [TICKER] TPS: 15.384615384615383 | DELTA: 0.065
[12:55:44 PM] [WARN] [TICKER] TPS: 13.513513513513514 | DELTA: 0.074
[12:55:45 PM] [WARN] [TICKER] TPS: 17.857142857142858 | DELTA: 0.056
[12:55:45 PM] [WARN] [TICKER] TPS: 13.88888888888889 | DELTA: 0.072
[12:55:46 PM] [WARN] [TICKER] TPS: 14.925373134328357 | DELTA: 0.067
[12:55:47 PM] [WARN] [TICKER] TPS: 19.23076923076923 | DELTA: 0.052
[12:55:47 PM] [WARN] [TICKER] TPS: 12.048192771084336 | DELTA: 0.083
[12:55:47 PM] [WARN] [TICKER] TPS: 18.181818181818183 | DELTA: 0.055
[12:55:47 PM] [WARN] [TICKER] TPS: 3.4965034965034967 | DELTA: 0.286
[12:55:47 PM] [WARN] [TICKER] TPS: 16.666666666666668 | DELTA: 0.06
[12:55:48 PM] [WARN] [TICKER] TPS: 6.410256410256411 | DELTA: 0.156
[12:55:48 PM] [WARN] [TICKER] TPS: 6.8965517241379315 | DELTA: 0.145
[12:55:48 PM] [WARN] [TICKER] TPS: 4.201680672268908 | DELTA: 0.238
[12:55:48 PM] [WARN] [TICKER] TPS: 4.273504273504273 | DELTA: 0.234
[12:55:49 PM] [WARN] [TICKER] TPS: 3.4013605442176873 | DELTA: 0.294
[12:55:49 PM] [WARN] [TICKER] TPS: 7.4074074074074066 | DELTA: 0.135
[12:55:50 PM] [WARN] [TICKER] TPS: 18.867924528301888 | DELTA: 0.053
[12:55:50 PM] [WARN] [TICKER] TPS: 10.989010989010989 | DELTA: 0.091
[12:55:50 PM] [WARN] [TICKER] TPS: 5.847953216374268 | DELTA: 0.171
[12:55:50 PM] [WARN] [TICKER] TPS: 16.666666666666668 | DELTA: 0.06
[12:55:51 PM] [WARN] [TICKER] TPS: 15.873015873015873 | DELTA: 0.063
[12:55:51 PM] [WARN] [TICKER] TPS: 19.607843137254903 | DELTA: 0.051
[12:56:06 PM] [WARN] [TICKER] TPS: 14.705882352941176 | DELTA: 0.068
[12:56:22 PM] [LOG] [SaveSystem] Saving 311 entities
[12:57:58 PM] [WARN] [TICKER] TPS: 13.513513513513514 | DELTA: 0.074
[12:57:58 PM] [WARN] [TICKER] TPS: 18.181818181818183 | DELTA: 0.055
[12:57:58 PM] [WARN] [TICKER] TPS: 11.235955056179776 | DELTA: 0.089
[12:58:03 PM] [WARN] [TICKER] TPS: 18.51851851851852 | DELTA: 0.054
[12:58:03 PM] [WARN] [TICKER] TPS: 17.857142857142858 | DELTA: 0.056
[12:58:10 PM] [WARN] [TICKER] TPS: 16.949152542372882 | DELTA: 0.059
[12:58:25 PM] [WARN] [TICKER] TPS: 11.11111111111111 | DELTA: 0.09
[12:58:34 PM] [WARN] [TICKER] TPS: 18.181818181818183 | DELTA: 0.055
[12:58:40 PM] [WARN] [TICKER] TPS: 17.857142857142858 | DELTA: 0.056
[12:58:56 PM] [WARN] [TICKER] TPS: 9.090909090909092 | DELTA: 0.11
[12:58:57 PM] [WARN] [TICKER] TPS: 9.803921568627452 | DELTA: 0.102
[12:58:59 PM] [WARN] [TICKER] TPS: 14.492753623188404 | DELTA: 0.069
[12:58:59 PM] [WARN] [TICKER] TPS: 17.543859649122805 | DELTA: 0.057
[12:59:10 PM] [WARN] [TICKER] TPS: 18.867924528301888 | DELTA: 0.053
[12:59:11 PM] [WARN] [TICKER] TPS: 12.345679012345679 | DELTA: 0.081
[12:59:18 PM] [WARN] [TICKER] TPS: 11.363636363636365 | DELTA: 0.088
[12:59:38 PM] [WARN] [TICKER] TPS: 12.820512820512821 | DELTA: 0.078
[12:59:46 PM] [WARN] [TICKER] TPS: 18.181818181818183 | DELTA: 0.055
[1:00:10 PM] [WARN] [TICKER] TPS: 18.181818181818183 | DELTA: 0.055
[1:00:16 PM] [WARN] [TICKER] TPS: 16.129032258064516 | DELTA: 0.062
[1:00:17 PM] [WARN] [TICKER] TPS: 13.513513513513514 | DELTA: 0.074
[1:00:17 PM] [WARN] [TICKER] TPS: 18.867924528301888 | DELTA: 0.053
[1:00:22 PM] [WARN] [TICKER] TPS: 19.23076923076923 | DELTA: 0.052
[1:00:56 PM] [WARN] [TICKER] TPS: 16.949152542372882 | DELTA: 0.059
[1:01:04 PM] [WARN] [TICKER] TPS: 18.181818181818183 | DELTA: 0.055
[1:01:08 PM] [WARN] [TICKER] TPS: 16.949152542372882 | DELTA: 0.059
[1:01:10 PM] [WARN] [TICKER] TPS: 17.857142857142858 | DELTA: 0.056
[1:01:30 PM] [WARN] [TICKER] TPS: 15.384615384615383 | DELTA: 0.065
[1:01:31 PM] [WARN] [TICKER] TPS: 12.345679012345679 | DELTA: 0.081
[1:01:31 PM] [WARN] [TICKER] TPS: 15.15151515151515 | DELTA: 0.066
[1:01:31 PM] [WARN] [TICKER] TPS: 17.857142857142858 | DELTA: 0.056
[1:01:46 PM] [WARN] [TICKER] TPS: 18.181818181818183 | DELTA: 0.055
[1:02:58 PM] [WARN] [TICKER] TPS: 19.607843137254903 | DELTA: 0.051
[1:03:15 PM] [WARN] [TICKER] TPS: 16.666666666666668 | DELTA: 0.06
[1:03:15 PM] [WARN] [TICKER] TPS: 6.25 | DELTA: 0.16
[1:03:16 PM] [WARN] [TICKER] TPS: 9.345794392523365 | DELTA: 0.107
[1:03:16 PM] [WARN] [TICKER] TPS: 12.5 | DELTA: 0.08
[1:03:16 PM] [WARN] [TICKER] TPS: 19.23076923076923 | DELTA: 0.052
[1:03:16 PM] [WARN] [TICKER] TPS: 12.5 | DELTA: 0.08
[1:03:16 PM] [WARN] [TICKER] TPS: 11.76470588235294 | DELTA: 0.085
[1:03:16 PM] [WARN] [TICKER] TPS: 11.627906976744187 | DELTA: 0.086
[1:03:17 PM] [WARN] [TICKER] TPS: 8.064516129032258 | DELTA: 0.124
[1:03:17 PM] [WARN] [TICKER] TPS: 19.607843137254903 | DELTA: 0.051
[1:03:17 PM] [WARN] [TICKER] TPS: 19.23076923076923 | DELTA: 0.052
[1:03:18 PM] [WARN] [TICKER] TPS: 18.181818181818183 | DELTA: 0.055
[1:03:22 PM] [WARN] [TICKER] TPS: 19.607843137254903 | DELTA: 0.051
[1:04:02 PM] [WARN] [TICKER] TPS: 18.51851851851852 | DELTA: 0.054
[1:04:50 PM] [WARN] [TICKER] TPS: 17.857142857142858 | DELTA: 0.056
[1:05:22 PM] [WARN] [TICKER] TPS: 16.666666666666668 | DELTA: 0.06
[1:06:22 PM] [LOG] [SaveSystem] Saving 311 entities
[1:08:19 PM] [WARN] [TICKER] TPS: 10.526315789473685 | DELTA: 0.095
[1:08:22 PM] [WARN] [TICKER] TPS: 11.49425287356322 | DELTA: 0.087
[1:08:25 PM] [WARN] [TICKER] TPS: 18.181818181818183 | DELTA: 0.055
[1:08:34 PM] [WARN] [TICKER] TPS: 18.51851851851852 | DELTA: 0.054
[1:08:35 PM] [WARN] [TICKER] TPS: 5.524861878453039 | DELTA: 0.181
[1:08:37 PM] [WARN] [TICKER] TPS: 16.39344262295082 | DELTA: 0.061
[1:08:37 PM] [WARN] [TICKER] TPS: 13.333333333333334 | DELTA: 0.075
[1:08:37 PM] [WARN] [TICKER] TPS: 19.607843137254903 | DELTA: 0.051
[1:08:46 PM] [WARN] [TICKER] TPS: 19.23076923076923 | DELTA: 0.052
[1:08:58 PM] [WARN] [TICKER] TPS: 12.345679012345679 | DELTA: 0.081
[1:11:10 PM] [WARN] [TICKER] TPS: 14.925373134328357 | DELTA: 0.067
[1:12:07 PM] [WARN] [TICKER] TPS: 15.873015873015873 | DELTA: 0.063
[1:12:07 PM] [WARN] [TICKER] TPS: 18.51851851851852 | DELTA: 0.054
[1:12:07 PM] [WARN] [TICKER] TPS: 14.285714285714285 | DELTA: 0.07
[1:12:10 PM] [WARN] [TICKER] TPS: 16.949152542372882 | DELTA: 0.059
[1:12:46 PM] [WARN] [TICKER] TPS: 18.867924528301888 | DELTA: 0.053
[1:13:48 PM] [WARN] [TICKER] TPS: 12.345679012345679 | DELTA: 0.081
[1:13:59 PM] [WARN] [TICKER] TPS: 14.705882352941176 | DELTA: 0.068
[1:14:10 PM] [WARN] [TICKER] TPS: 9.708737864077671 | DELTA: 0.103
[1:15:26 PM] [WARN] [TICKER] TPS: 16.949152542372882 | DELTA: 0.059
[1:15:46 PM] [WARN] [TICKER] TPS: 18.51851851851852 | DELTA: 0.054
[1:15:47 PM] [WARN] [TICKER] TPS: 12.820512820512821 | DELTA: 0.078
[1:16:22 PM] [LOG] [SaveSystem] Saving 311 entities
[1:19:26 PM] [WARN] [TICKER] TPS: 17.543859649122805 | DELTA: 0.057
[1:19:26 PM] [WARN] [TICKER] TPS: 18.51851851851852 | DELTA: 0.054
[1:19:30 PM] [WARN] [TICKER] TPS: 13.88888888888889 | DELTA: 0.072
[1:19:33 PM] [WARN] [TICKER] TPS: 18.867924528301888 | DELTA: 0.053
[1:19:34 PM] [WARN] [TICKER] TPS: 13.333333333333334 | DELTA: 0.075
