[4:04:38 PM] [LOG] [Network] WebSocket server is listening on port 443
[4:04:38 PM] [LOG] [Content] Loading base content-pack
[4:04:38 PM] [LOG] [Content] Loaded 10 entities
[4:04:38 PM] [ERROR] [CommandSystem] Invalid command from path: C:\Users\HP\Desktop\nostarve-server-master (1)\famish server code\compiled\command\commands\building\clean-building.js
[4:04:38 PM] [WARN] [TICKER] TPS: 6.024096385542168 | DELTA: 0.166
[4:04:40 PM] [LOG] [Discord] Ready!
[4:04:43 PM] [LOG] [SaveSystem] Loaded 0 players & 0 buildings & 0 crates
[4:04:50 PM] [WARN] [TICKER] TPS: 19.23076923076923 | DELTA: 0.052
[4:05:21 PM] [WARN] [TICKER] TPS: 17.857142857142858 | DELTA: 0.056
[4:05:52 PM] [LOG] [Network] Connected with 0.0.0.1 ip
[4:06:02 PM] [WARN] [TICKER] TPS: 19.23076923076923 | DELTA: 0.052
[4:07:12 PM] [LOG] [Command] restarver#1 issued command: tp 1 40 32
[4:07:13 PM] [LOG] [Command] restarver#1 issued command: tp 1 41 36
[4:07:13 PM] [LOG] [Command] restarver#1 issued command: tp 1 41 39
[4:07:13 PM] [LOG] [Command] restarver#1 issued command: tp 1 42 42
[4:07:13 PM] [LOG] [Command] restarver#1 issued command: tp 1 43 45
[4:07:14 PM] [LOG] [Command] restarver#1 issued command: tp 1 44 48
[4:07:52 PM] [LOG] [Network] Disconnected with 0.0.0.1 ip 1006 [object ArrayBuffer]
[4:21:20 PM] [LOG] [SaveSystem] Saving 304 entities
[4:21:20 PM] [WARN] [TICKER] TPS: 0.0012439187920055828 | DELTA: 803.911
[4:21:21 PM] [WARN] [TICKER] TPS: 13.513513513513514 | DELTA: 0.074
[4:21:21 PM] [WARN] [TICKER] TPS: 8.474576271186441 | DELTA: 0.118
[4:21:22 PM] [WARN] [TICKER] TPS: 8.130081300813009 | DELTA: 0.123
[4:21:22 PM] [WARN] [TICKER] TPS: 18.867924528301888 | DELTA: 0.053
[4:21:23 PM] [WARN] [TICKER] TPS: 18.51851851851852 | DELTA: 0.054
[4:21:23 PM] [WARN] [TICKER] TPS: 7.4074074074074066 | DELTA: 0.135
[4:21:23 PM] [WARN] [TICKER] TPS: 10.989010989010989 | DELTA: 0.091
[4:21:23 PM] [WARN] [TICKER] TPS: 16.39344262295082 | DELTA: 0.061
[4:21:23 PM] [WARN] [TICKER] TPS: 8.064516129032258 | DELTA: 0.124
[4:21:23 PM] [WARN] [TICKER] TPS: 10.309278350515463 | DELTA: 0.097
[4:21:23 PM] [WARN] [TICKER] TPS: 16.949152542372882 | DELTA: 0.059
[4:21:24 PM] [WARN] [TICKER] TPS: 13.513513513513514 | DELTA: 0.074
[4:21:24 PM] [WARN] [TICKER] TPS: 13.157894736842106 | DELTA: 0.076
[4:21:24 PM] [WARN] [TICKER] TPS: 18.181818181818183 | DELTA: 0.055
[4:21:25 PM] [WARN] [TICKER] TPS: 19.23076923076923 | DELTA: 0.052
[4:21:27 PM] [WARN] [TICKER] TPS: 5.05050505050505 | DELTA: 0.198
[4:21:27 PM] [WARN] [TICKER] TPS: 8.547008547008547 | DELTA: 0.117
[4:21:27 PM] [WARN] [TICKER] TPS: 14.084507042253522 | DELTA: 0.071
[4:21:27 PM] [WARN] [TICKER] TPS: 12.195121951219512 | DELTA: 0.082
[4:21:28 PM] [WARN] [TICKER] TPS: 14.925373134328357 | DELTA: 0.067
[4:21:28 PM] [WARN] [TICKER] TPS: 8 | DELTA: 0.125
[4:21:28 PM] [WARN] [TICKER] TPS: 10.989010989010989 | DELTA: 0.091
[4:21:28 PM] [WARN] [TICKER] TPS: 9.708737864077671 | DELTA: 0.103
[4:21:28 PM] [WARN] [TICKER] TPS: 18.181818181818183 | DELTA: 0.055
[4:21:28 PM] [WARN] [TICKER] TPS: 18.51851851851852 | DELTA: 0.054
[4:21:28 PM] [WARN] [TICKER] TPS: 11.904761904761903 | DELTA: 0.084
[4:21:30 PM] [WARN] [TICKER] TPS: 17.241379310344826 | DELTA: 0.058
[4:21:31 PM] [WARN] [TICKER] TPS: 16.949152542372882 | DELTA: 0.059
[4:21:31 PM] [WARN] [TICKER] TPS: 18.181818181818183 | DELTA: 0.055
[4:21:31 PM] [WARN] [TICKER] TPS: 19.607843137254903 | DELTA: 0.051
[4:21:32 PM] [WARN] [TICKER] TPS: 11.363636363636365 | DELTA: 0.088
[4:21:33 PM] [WARN] [TICKER] TPS: 17.241379310344826 | DELTA: 0.058
[4:21:33 PM] [WARN] [TICKER] TPS: 8.620689655172413 | DELTA: 0.116
[4:21:34 PM] [WARN] [TICKER] TPS: 13.333333333333334 | DELTA: 0.075
[4:21:35 PM] [WARN] [TICKER] TPS: 12.820512820512821 | DELTA: 0.078
[4:21:35 PM] [WARN] [TICKER] TPS: 12.658227848101266 | DELTA: 0.079
[4:21:57 PM] [WARN] [TICKER] TPS: 17.543859649122805 | DELTA: 0.057
[4:25:48 PM] [WARN] [TICKER] TPS: 16.666666666666668 | DELTA: 0.06
[4:26:33 PM] [WARN] [TICKER] TPS: 18.181818181818183 | DELTA: 0.055
[4:30:09 PM] [WARN] [TICKER] TPS: 15.384615384615383 | DELTA: 0.065
[4:31:20 PM] [LOG] [SaveSystem] Saving 304 entities
[4:32:08 PM] [WARN] [TICKER] TPS: 12.345679012345679 | DELTA: 0.081
[4:33:08 PM] [WARN] [TICKER] TPS: 13.698630136986303 | DELTA: 0.073
[4:33:34 PM] [LOG] [Network] Connected with 0.0.0.1 ip
[4:33:34 PM] [WARN] [TICKER] TPS: 11.11111111111111 | DELTA: 0.09
[4:33:58 PM] [LOG] [Command] restarver#1 issued command: g 1 emerald_machine
[4:34:06 PM] [LOG] [Command] restarver#1 issued command: cba
[4:34:24 PM] [LOG] [Command] restarver#1 issued command: ri 1 bottle_empty 5
[4:34:48 PM] [WARN] [TICKER] TPS: 16.666666666666668 | DELTA: 0.06
[4:34:49 PM] [WARN] [TICKER] TPS: 15.873015873015873 | DELTA: 0.063
[4:34:49 PM] [WARN] [TICKER] TPS: 19.607843137254903 | DELTA: 0.051
[4:34:52 PM] [WARN] [TICKER] TPS: 16.666666666666668 | DELTA: 0.06
[4:36:08 PM] [WARN] [TICKER] TPS: 17.543859649122805 | DELTA: 0.057
[4:38:45 PM] [LOG] [Network] Disconnected with 0.0.0.1 ip 1006 [object ArrayBuffer]
[4:45:45 PM] [LOG] [SaveSystem] Saving 307 entities
[4:45:46 PM] [WARN] [TICKER] TPS: 0.0023995891903306156 | DELTA: 416.738
[4:45:46 PM] [WARN] [TICKER] TPS: 9.00900900900901 | DELTA: 0.111
[4:45:46 PM] [WARN] [TICKER] TPS: 7.8125 | DELTA: 0.128
[4:45:47 PM] [WARN] [TICKER] TPS: 14.492753623188404 | DELTA: 0.069
[4:45:48 PM] [WARN] [TICKER] TPS: 5.524861878453039 | DELTA: 0.181
[4:45:48 PM] [WARN] [TICKER] TPS: 7.8125 | DELTA: 0.128
[4:45:48 PM] [WARN] [TICKER] TPS: 10.204081632653061 | DELTA: 0.098
[4:45:48 PM] [WARN] [TICKER] TPS: 14.925373134328357 | DELTA: 0.067
[4:45:49 PM] [WARN] [TICKER] TPS: 7.936507936507937 | DELTA: 0.126
[4:45:49 PM] [WARN] [TICKER] TPS: 18.867924528301888 | DELTA: 0.053
[4:45:50 PM] [WARN] [TICKER] TPS: 14.285714285714285 | DELTA: 0.07
[4:45:51 PM] [WARN] [TICKER] TPS: 7.936507936507937 | DELTA: 0.126
[4:45:51 PM] [WARN] [TICKER] TPS: 6.410256410256411 | DELTA: 0.156
[4:45:55 PM] [WARN] [TICKER] TPS: 16.666666666666668 | DELTA: 0.06
[4:45:55 PM] [WARN] [TICKER] TPS: 16.666666666666668 | DELTA: 0.06
[4:45:58 PM] [WARN] [TICKER] TPS: 13.698630136986303 | DELTA: 0.073
[4:45:58 PM] [WARN] [TICKER] TPS: 12.195121951219512 | DELTA: 0.082
[4:52:42 PM] [LOG] [Network] Connected with 0.0.0.1 ip
[4:52:49 PM] [LOG] [Command] restarver#1 issued command: tp 1 81 70
[4:52:50 PM] [LOG] [Command] restarver#1 issued command: tp 1 80 66
[4:52:51 PM] [LOG] [Command] restarver#1 issued command: tp 1 80 63
[4:52:51 PM] [LOG] [Command] restarver#1 issued command: tp 1 77 59
[4:52:52 PM] [LOG] [Command] restarver#1 issued command: tp 1 73 58
[4:52:52 PM] [LOG] [Command] restarver#1 issued command: tp 1 71 54
[4:52:53 PM] [LOG] [Command] restarver#1 issued command: tp 1 70 50
[4:52:54 PM] [LOG] [Command] restarver#1 issued command: tp 1 69 46
[4:52:54 PM] [LOG] [Command] restarver#1 issued command: tp 1 68 42
[4:52:54 PM] [LOG] [Command] restarver#1 issued command: tp 1 66 38
[4:52:55 PM] [LOG] [Command] restarver#1 issued command: tp 1 63 34
[4:52:56 PM] [LOG] [Command] restarver#1 issued command: tp 1 61 30
[4:52:56 PM] [LOG] [Command] restarver#1 issued command: tp 1 59 26
[4:52:58 PM] [LOG] [Command] restarver#1 issued command: tp 1 61 27
[4:52:58 PM] [LOG] [Command] restarver#1 issued command: tp 1 63 30
[4:52:59 PM] [LOG] [Command] restarver#1 issued command: tp 1 65 34
[4:53:00 PM] [LOG] [Command] restarver#1 issued command: tp 1 65 38
[4:53:00 PM] [LOG] [Command] restarver#1 issued command: tp 1 65 42
[4:54:57 PM] [WARN] [TICKER] TPS: 12.195121951219512 | DELTA: 0.082
[4:55:45 PM] [LOG] [SaveSystem] Saving 307 entities
[4:56:58 PM] [WARN] [TICKER] TPS: 12.5 | DELTA: 0.08
[4:58:18 PM] [WARN] [TICKER] TPS: 14.084507042253522 | DELTA: 0.071
[4:59:24 PM] [WARN] [TICKER] TPS: 17.543859649122805 | DELTA: 0.057
[4:59:32 PM] [WARN] [TICKER] TPS: 19.607843137254903 | DELTA: 0.051
