[11:10:26 AM] [LOG] [Network] WebSocket server is listening on port 443
[11:10:26 AM] [LOG] [Content] Loading base content-pack
[11:10:26 AM] [LOG] [Content] Loaded 10 entities
[11:10:26 AM] [ERROR] [CommandSystem] Invalid command from path: C:\Users\HP\Desktop\nostarve-server-master (1)\famish server code\compiled\command\commands\building\clean-building.js
[11:10:27 AM] [WARN] [TICKER] TPS: 3.3222591362126246 | DELTA: 0.301
[11:10:27 AM] [WARN] [TICKER] TPS: 15.625 | DELTA: 0.064
[11:10:28 AM] [LOG] [Discord] Ready!
[11:10:37 AM] [LOG] [Network] Connected with 0.0.0.1 ip
[11:10:37 AM] [WARN] [TICKER] TPS: 16.666666666666668 | DELTA: 0.06
[11:10:39 AM] [WARN] [TICKER] TPS: 9.174311926605505 | DELTA: 0.109
[11:10:41 AM] [LOG] [Network] Connected with 0.0.0.1 ip
[11:10:42 AM] [WARN] [TICKER] TPS: 7.462686567164178 | DELTA: 0.134
[11:10:43 AM] [WARN] [TICKER] TPS: 4.219409282700422 | DELTA: 0.237
[11:10:43 AM] [WARN] [TICKER] TPS: 17.857142857142858 | DELTA: 0.056
[11:10:43 AM] [WARN] [TICKER] TPS: 15.15151515151515 | DELTA: 0.066
[11:10:45 AM] [WARN] [TICKER] TPS: 10.869565217391305 | DELTA: 0.092
[11:10:45 AM] [WARN] [TICKER] TPS: 15.625 | DELTA: 0.064
[11:10:46 AM] [WARN] [TICKER] TPS: 11.627906976744187 | DELTA: 0.086
[11:10:46 AM] [WARN] [TICKER] TPS: 15.384615384615383 | DELTA: 0.065
[11:10:48 AM] [LOG] [Command] restarver#2 issued command: tpt 1
[11:10:51 AM] [WARN] [TICKER] TPS: 12.658227848101266 | DELTA: 0.079
[11:10:52 AM] [LOG] [Command] restarver#2 issued command: g 1 lava_Sword
[11:11:03 AM] [WARN] [TICKER] TPS: 9.523809523809524 | DELTA: 0.105
[11:11:04 AM] [WARN] [TICKER] TPS: 11.49425287356322 | DELTA: 0.087
[11:11:08 AM] [LOG] Player restarver#2|2 died by restarver#1|1 with reason 3
[11:11:08 AM] [LOG] [Network] Disconnected with 0.0.0.1 ip 1006 [object ArrayBuffer]
[11:11:08 AM] [WARN] [TICKER] TPS: 1.3869625520110958 | DELTA: 0.721
[11:11:15 AM] [WARN] [TICKER] TPS: 14.705882352941176 | DELTA: 0.068
[11:11:39 AM] [WARN] [TICKER] TPS: 13.698630136986303 | DELTA: 0.073
[11:12:27 AM] [WARN] [TICKER] TPS: 12.048192771084336 | DELTA: 0.083
[11:12:39 AM] [WARN] [TICKER] TPS: 14.285714285714285 | DELTA: 0.07
[11:12:50 AM] [WARN] [TICKER] TPS: 16.949152542372882 | DELTA: 0.059
