[11:27:29 AM] [LOG] [Network] WebSocket server is listening on port 443
[11:27:29 AM] [LOG] [Content] Loading base content-pack
[11:27:29 AM] [LOG] [Content] Loaded 10 entities
[11:27:30 AM] [ERROR] [CommandSystem] Invalid command from path: C:\Users\HP\Desktop\nostarve-server-master (1)\famish server code\compiled\command\commands\building\clean-building.js
[11:27:30 AM] [WARN] [TICKER] TPS: 2.2123893805309733 | DELTA: 0.452
[11:27:31 AM] [WARN] [TICKER] TPS: 12.5 | DELTA: 0.08
[11:27:31 AM] [WARN] [TICKER] TPS: 16.39344262295082 | DELTA: 0.061
[11:27:32 AM] [LOG] [Discord] Ready!
[11:27:32 AM] [WARN] [TICKER] TPS: 18.867924528301888 | DELTA: 0.053
[11:27:42 AM] [WARN] [TICKER] TPS: 9.00900900900901 | DELTA: 0.111
[11:27:51 AM] [WARN] [TICKER] TPS: 16.39344262295082 | DELTA: 0.061
[11:27:54 AM] [WARN] [TICKER] TPS: 16.39344262295082 | DELTA: 0.061
[11:28:04 AM] [LOG] [Network] Connected with 0.0.0.1 ip
[11:28:04 AM] [WARN] [TICKER] TPS: 19.23076923076923 | DELTA: 0.052
[11:28:06 AM] [WARN] [TICKER] TPS: 9.900990099009901 | DELTA: 0.101
[11:28:09 AM] [LOG] [Command] restarver#1 issued command: tp 1 82 146
[11:28:10 AM] [LOG] [Command] restarver#1 issued command: tp 1 89 148
[11:28:10 AM] [LOG] [Command] restarver#1 issued command: tp 1 99 147
[11:28:11 AM] [LOG] [Command] restarver#1 issued command: tp 1 108 147
[11:28:11 AM] [LOG] [Command] restarver#1 issued command: tp 1 117 147
[11:28:12 AM] [LOG] [Command] restarver#1 issued command: tp 1 126 147
[11:28:12 AM] [LOG] [Command] restarver#1 issued command: tp 1 135 147
[11:28:13 AM] [LOG] [Command] restarver#1 issued command: tp 1 144 147
[11:28:13 AM] [LOG] [Command] restarver#1 issued command: tp 1 151 147
[11:28:14 AM] [WARN] [TICKER] TPS: 15.384615384615383 | DELTA: 0.065
[11:28:14 AM] [LOG] [Command] restarver#1 issued command: tp 1 148 143
[11:28:18 AM] [WARN] [TICKER] TPS: 7.633587786259541 | DELTA: 0.131
[11:28:18 AM] [LOG] [Command] restarver#1 issued command: tp 1 145 120
[11:28:19 AM] [LOG] [Command] restarver#1 issued command: tp 1 145 105
[11:28:20 AM] [LOG] [Command] restarver#1 issued command: tp 1 145 89
[11:28:21 AM] [LOG] [Command] restarver#1 issued command: tp 1 145 75
[11:28:21 AM] [LOG] [Command] restarver#1 issued command: tp 1 145 74
[11:28:22 AM] [LOG] [Command] restarver#1 issued command: tp 1 145 74
[11:28:24 AM] [WARN] [TICKER] TPS: 7.4074074074074066 | DELTA: 0.135
[11:28:24 AM] [LOG] [Command] restarver#1 issued command: tp 1 146 60
[11:28:25 AM] [LOG] [Command] restarver#1 issued command: tp 1 146 47
[11:28:26 AM] [LOG] [Command] restarver#1 issued command: tp 1 146 34
[11:28:30 AM] [WARN] [TICKER] TPS: 8.130081300813009 | DELTA: 0.123
[11:28:34 AM] [LOG] [Command] restarver#1 issued command: tp 1 146 20
[11:28:34 AM] [WARN] [TICKER] TPS: 5.9171597633136095 | DELTA: 0.169
[11:28:34 AM] [LOG] [Command] restarver#1 issued command: tp 1 146 20
[11:28:36 AM] [LOG] [Command] restarver#1 issued command: tp 1 146 5
[11:28:38 AM] [LOG] [Command] restarver#1 issued command: tp 1 90 2
[11:28:39 AM] [LOG] [Command] restarver#1 issued command: tp 1 66 2
[11:28:39 AM] [LOG] [Command] restarver#1 issued command: tp 1 45 2
[11:28:39 AM] [LOG] [Command] restarver#1 issued command: tp 1 22 2
[11:28:40 AM] [LOG] [Command] restarver#1 issued command: tp 1 3 2
[11:28:40 AM] [LOG] [Command] restarver#1 issued command: tp 1 0 2
[11:28:40 AM] [LOG] [Command] restarver#1 issued command: tp 1 0 2
[11:28:58 AM] [WARN] [TICKER] TPS: 18.867924528301888 | DELTA: 0.053
[11:29:06 AM] [WARN] [TICKER] TPS: 10.416666666666666 | DELTA: 0.096
[11:31:35 AM] [WARN] [TICKER] TPS: 16.39344262295082 | DELTA: 0.061
[11:31:43 AM] [WARN] [TICKER] TPS: 18.181818181818183 | DELTA: 0.055
[11:31:50 AM] [WARN] [TICKER] TPS: 14.925373134328357 | DELTA: 0.067
[11:32:02 AM] [WARN] [TICKER] TPS: 18.51851851851852 | DELTA: 0.054
