[11:20:27 AM] [LOG] [Network] WebSocket server is listening on port 443
[11:20:27 AM] [LOG] [Content] Loading base content-pack
[11:20:27 AM] [LOG] [Content] Loaded 10 entities
[11:20:27 AM] [ERROR] [CommandSystem] Invalid command from path: C:\Users\HP\Desktop\nostarve-server-master (1)\famish server code\compiled\command\commands\building\clean-building.js
[11:20:28 AM] [WARN] [TICKER] TPS: 3.7593984962406015 | DELTA: 0.266
[11:20:28 AM] [WARN] [TICKER] TPS: 14.705882352941176 | DELTA: 0.068
[11:20:29 AM] [LOG] [Discord] Ready!
[11:20:39 AM] [WARN] [TICKER] TPS: 9.090909090909092 | DELTA: 0.11
[11:20:44 AM] [LOG] [Network] Connected with 0.0.0.1 ip
[11:20:45 AM] [WARN] [TICKER] TPS: 19.607843137254903 | DELTA: 0.051
[11:20:51 AM] [WARN] [TICKER] TPS: 11.76470588235294 | DELTA: 0.085
[11:21:03 AM] [WARN] [TICKER] TPS: 16.949152542372882 | DELTA: 0.059
[11:21:08 AM] [WARN] [TICKER] TPS: 13.88888888888889 | DELTA: 0.072
[11:21:12 AM] [WARN] [TICKER] TPS: 17.241379310344826 | DELTA: 0.058
[11:21:12 AM] [WARN] [TICKER] TPS: 17.857142857142858 | DELTA: 0.056
[11:21:15 AM] [WARN] [TICKER] TPS: 14.925373134328357 | DELTA: 0.067
[11:21:39 AM] [WARN] [TICKER] TPS: 15.15151515151515 | DELTA: 0.066
[11:22:22 AM] [WARN] [TICKER] TPS: 18.51851851851852 | DELTA: 0.054
[11:22:23 AM] [WARN] [TICKER] TPS: 18.181818181818183 | DELTA: 0.055
[11:22:24 AM] [WARN] [TICKER] TPS: 11.235955056179776 | DELTA: 0.089
[11:22:27 AM] [WARN] [TICKER] TPS: 12.658227848101266 | DELTA: 0.079
[11:22:51 AM] [WARN] [TICKER] TPS: 16.949152542372882 | DELTA: 0.059
[11:23:03 AM] [WARN] [TICKER] TPS: 18.181818181818183 | DELTA: 0.055
[11:23:15 AM] [WARN] [TICKER] TPS: 11.76470588235294 | DELTA: 0.085
[11:23:27 AM] [WARN] [TICKER] TPS: 11.904761904761903 | DELTA: 0.084
[11:23:51 AM] [WARN] [TICKER] TPS: 17.857142857142858 | DELTA: 0.056
[11:24:00 AM] [WARN] [TICKER] TPS: 15.873015873015873 | DELTA: 0.063
[11:24:03 AM] [WARN] [TICKER] TPS: 14.705882352941176 | DELTA: 0.068
[11:24:19 AM] [WARN] [TICKER] TPS: 18.51851851851852 | DELTA: 0.054
[11:24:19 AM] [WARN] [TICKER] TPS: 18.51851851851852 | DELTA: 0.054
[11:24:27 AM] [WARN] [TICKER] TPS: 15.625 | DELTA: 0.064
[11:24:39 AM] [WARN] [TICKER] TPS: 16.129032258064516 | DELTA: 0.062
[11:24:51 AM] [WARN] [TICKER] TPS: 13.333333333333334 | DELTA: 0.075
[11:25:03 AM] [WARN] [TICKER] TPS: 17.241379310344826 | DELTA: 0.058
[11:25:15 AM] [WARN] [TICKER] TPS: 16.949152542372882 | DELTA: 0.059
[11:25:27 AM] [WARN] [TICKER] TPS: 18.51851851851852 | DELTA: 0.054
[11:25:34 AM] [WARN] [TICKER] TPS: 12.195121951219512 | DELTA: 0.082
[11:25:36 AM] [WARN] [TICKER] TPS: 18.181818181818183 | DELTA: 0.055
[11:25:36 AM] [WARN] [TICKER] TPS: 19.607843137254903 | DELTA: 0.051
[11:25:39 AM] [WARN] [TICKER] TPS: 15.873015873015873 | DELTA: 0.063
[11:25:40 AM] [WARN] [TICKER] TPS: 19.23076923076923 | DELTA: 0.052
[11:25:40 AM] [WARN] [TICKER] TPS: 16.949152542372882 | DELTA: 0.059
[11:25:40 AM] [WARN] [TICKER] TPS: 12.820512820512821 | DELTA: 0.078
[11:25:42 AM] [WARN] [TICKER] TPS: 14.285714285714285 | DELTA: 0.07
[11:25:42 AM] [WARN] [TICKER] TPS: 11.49425287356322 | DELTA: 0.087
[11:25:42 AM] [WARN] [TICKER] TPS: 10.204081632653061 | DELTA: 0.098
[11:25:42 AM] [WARN] [TICKER] TPS: 12.048192771084336 | DELTA: 0.083
[11:26:03 AM] [WARN] [TICKER] TPS: 17.241379310344826 | DELTA: 0.058
[11:26:15 AM] [WARN] [TICKER] TPS: 14.285714285714285 | DELTA: 0.07
[11:26:39 AM] [WARN] [TICKER] TPS: 18.51851851851852 | DELTA: 0.054
[11:26:51 AM] [WARN] [TICKER] TPS: 14.084507042253522 | DELTA: 0.071
[11:27:15 AM] [WARN] [TICKER] TPS: 19.23076923076923 | DELTA: 0.052
[11:27:16 AM] [WARN] [TICKER] TPS: 12.345679012345679 | DELTA: 0.081
