[10:40:58 AM] [LOG] [Network] WebSocket server is listening on port 443
[10:40:58 AM] [LOG] [Content] Loading base content-pack
[10:40:58 AM] [LOG] [Content] Loaded 10 entities
[10:40:58 AM] [ERROR] [CommandSystem] Invalid command from path: C:\Users\HP\Desktop\nostarve-server-master (1)\famish server code\compiled\command\commands\building\clean-building.js
[10:40:58 AM] [WARN] [TICKER] TPS: 6.451612903225807 | DELTA: 0.155
[10:40:59 AM] [LOG] [Discord] Ready!
[10:41:04 AM] [LOG] [Network] Connected with 0.0.0.1 ip
[10:41:07 AM] [WARN] [TICKER] TPS: 18.867924528301888 | DELTA: 0.053
[10:41:10 AM] [WARN] [TICKER] TPS: 11.49425287356322 | DELTA: 0.087
[10:41:18 AM] [LOG] [Command] restarver#1 issued command: g 1 lava_sword
[10:41:20 AM] [LOG] [Command] restarver#1 issued command: g 1 lava_spear
[10:41:24 AM] [LOG] [Command] restarver#1 issued command: g 1 lava_helmet
[10:41:45 AM] [WARN] [TICKER] TPS: 13.698630136986303 | DELTA: 0.073
[10:44:02 AM] [WARN] [TICKER] TPS: 12.5 | DELTA: 0.08
[10:44:46 AM] [WARN] [TICKER] TPS: 12.345679012345679 | DELTA: 0.081
[10:44:58 AM] [WARN] [TICKER] TPS: 15.625 | DELTA: 0.064
[10:45:10 AM] [WARN] [TICKER] TPS: 13.513513513513514 | DELTA: 0.074
[10:45:22 AM] [WARN] [TICKER] TPS: 15.15151515151515 | DELTA: 0.066
[10:45:34 AM] [WARN] [TICKER] TPS: 17.241379310344826 | DELTA: 0.058
[10:45:46 AM] [WARN] [TICKER] TPS: 19.607843137254903 | DELTA: 0.051
[10:45:58 AM] [WARN] [TICKER] TPS: 19.607843137254903 | DELTA: 0.051
[10:46:10 AM] [WARN] [TICKER] TPS: 18.51851851851852 | DELTA: 0.054
[10:46:22 AM] [WARN] [TICKER] TPS: 14.084507042253522 | DELTA: 0.071
[10:46:28 AM] [WARN] [TICKER] TPS: 19.23076923076923 | DELTA: 0.052
[10:46:29 AM] [WARN] [TICKER] TPS: 13.88888888888889 | DELTA: 0.072
[10:46:30 AM] [WARN] [TICKER] TPS: 10 | DELTA: 0.1
[10:46:33 AM] [WARN] [TICKER] TPS: 10.1010101010101 | DELTA: 0.099
[10:46:33 AM] [WARN] [TICKER] TPS: 13.88888888888889 | DELTA: 0.072
[10:46:34 AM] [WARN] [TICKER] TPS: 12.820512820512821 | DELTA: 0.078
[10:46:35 AM] [WARN] [TICKER] TPS: 5 | DELTA: 0.2
[10:46:36 AM] [WARN] [TICKER] TPS: 10.526315789473685 | DELTA: 0.095
[10:46:36 AM] [WARN] [TICKER] TPS: 15.15151515151515 | DELTA: 0.066
[10:46:37 AM] [WARN] [TICKER] TPS: 7.194244604316546 | DELTA: 0.139
[10:46:46 AM] [WARN] [TICKER] TPS: 15.15151515151515 | DELTA: 0.066
[10:46:58 AM] [WARN] [TICKER] TPS: 13.698630136986303 | DELTA: 0.073
[10:47:07 AM] [WARN] [TICKER] TPS: 19.607843137254903 | DELTA: 0.051
[10:47:10 AM] [WARN] [TICKER] TPS: 17.857142857142858 | DELTA: 0.056
[10:47:34 AM] [WARN] [TICKER] TPS: 12.048192771084336 | DELTA: 0.083
[10:48:58 AM] [WARN] [TICKER] TPS: 16.666666666666668 | DELTA: 0.06
[10:49:00 AM] [WARN] [TICKER] TPS: 13.698630136986303 | DELTA: 0.073
[10:49:22 AM] [WARN] [TICKER] TPS: 14.492753623188404 | DELTA: 0.069
[10:49:33 AM] [WARN] [TICKER] TPS: 14.084507042253522 | DELTA: 0.071
[10:49:34 AM] [WARN] [TICKER] TPS: 14.925373134328357 | DELTA: 0.067
[10:49:40 AM] [WARN] [TICKER] TPS: 18.51851851851852 | DELTA: 0.054
[10:49:46 AM] [WARN] [TICKER] TPS: 13.513513513513514 | DELTA: 0.074
[10:49:58 AM] [WARN] [TICKER] TPS: 14.285714285714285 | DELTA: 0.07
[10:50:10 AM] [WARN] [TICKER] TPS: 11.76470588235294 | DELTA: 0.085
[10:50:22 AM] [WARN] [TICKER] TPS: 11.235955056179776 | DELTA: 0.089
