[12:07:28 PM] [LOG] [Network] WebSocket server is listening on port 443
[12:07:28 PM] [LOG] [Content] Loading base content-pack
[12:07:28 PM] [LOG] [Content] Loaded 10 entities
[12:07:28 PM] [ERROR] [CommandSystem] Invalid command from path: C:\Users\HP\Desktop\nostarve-server-master (1)\famish server code\compiled\command\commands\building\clean-building.js
[12:07:29 PM] [WARN] [TICKER] TPS: 9.174311926605505 | DELTA: 0.109
[12:07:30 PM] [LOG] [Discord] Ready!
[12:30:04 PM] [LOG] [SaveSystem] Saving 304 entities
[12:30:04 PM] [WARN] [TICKER] TPS: 0.000742823397451373 | DELTA: 1346.215
[12:30:04 PM] [WARN] [TICKER] TPS: 12.048192771084336 | DELTA: 0.083
[12:30:05 PM] [WARN] [TICKER] TPS: 5.847953216374268 | DELTA: 0.171
[12:30:06 PM] [WARN] [TICKER] TPS: 12.987012987012987 | DELTA: 0.077
[12:30:06 PM] [WARN] [TICKER] TPS: 18.181818181818183 | DELTA: 0.055
[12:30:06 PM] [WARN] [TICKER] TPS: 14.925373134328357 | DELTA: 0.067
[12:30:06 PM] [WARN] [TICKER] TPS: 19.607843137254903 | DELTA: 0.051
[12:30:07 PM] [WARN] [TICKER] TPS: 15.15151515151515 | DELTA: 0.066
[12:30:07 PM] [WARN] [TICKER] TPS: 5.649717514124294 | DELTA: 0.177
[12:30:07 PM] [WARN] [TICKER] TPS: 6.25 | DELTA: 0.16
[12:30:07 PM] [WARN] [TICKER] TPS: 12.5 | DELTA: 0.08
[12:30:07 PM] [WARN] [TICKER] TPS: 13.333333333333334 | DELTA: 0.075
[12:30:08 PM] [WARN] [TICKER] TPS: 15.873015873015873 | DELTA: 0.063
[12:30:09 PM] [WARN] [TICKER] TPS: 18.181818181818183 | DELTA: 0.055
[12:30:11 PM] [WARN] [TICKER] TPS: 4.651162790697675 | DELTA: 0.215
[12:30:11 PM] [WARN] [TICKER] TPS: 10.869565217391305 | DELTA: 0.092
[12:30:11 PM] [WARN] [TICKER] TPS: 19.607843137254903 | DELTA: 0.051
[12:30:11 PM] [WARN] [TICKER] TPS: 16.39344262295082 | DELTA: 0.061
[12:30:11 PM] [WARN] [TICKER] TPS: 7.352941176470588 | DELTA: 0.136
[12:30:12 PM] [WARN] [TICKER] TPS: 12.820512820512821 | DELTA: 0.078
[12:30:12 PM] [WARN] [TICKER] TPS: 14.492753623188404 | DELTA: 0.069
[12:30:12 PM] [WARN] [TICKER] TPS: 15.625 | DELTA: 0.064
[12:30:13 PM] [WARN] [TICKER] TPS: 16.39344262295082 | DELTA: 0.061
[12:30:13 PM] [WARN] [TICKER] TPS: 9.174311926605505 | DELTA: 0.109
[12:30:14 PM] [WARN] [TICKER] TPS: 10.869565217391305 | DELTA: 0.092
[12:30:16 PM] [WARN] [TICKER] TPS: 16.129032258064516 | DELTA: 0.062
[12:30:17 PM] [WARN] [TICKER] TPS: 15.625 | DELTA: 0.064
[12:30:17 PM] [WARN] [TICKER] TPS: 17.857142857142858 | DELTA: 0.056
[12:30:28 PM] [WARN] [TICKER] TPS: 17.857142857142858 | DELTA: 0.056
[12:31:37 PM] [WARN] [TICKER] TPS: 19.607843137254903 | DELTA: 0.051
[12:31:46 PM] [WARN] [TICKER] TPS: 15.384615384615383 | DELTA: 0.065
