[11:05:46 AM] [LOG] [Network] WebSocket server is listening on port 443
[11:05:46 AM] [LOG] [Content] Loading base content-pack
[11:05:46 AM] [LOG] [Content] Loaded 10 entities
[11:05:46 AM] [ERROR] [CommandSystem] Invalid command from path: C:\Users\HP\Desktop\nostarve-server-master (1)\famish server code\compiled\command\commands\building\clean-building.js
[11:05:47 AM] [WARN] [TICKER] TPS: 3.4602076124567476 | DELTA: 0.289
[11:05:47 AM] [WARN] [TICKER] TPS: 12.048192771084336 | DELTA: 0.083
[11:05:48 AM] [LOG] [Discord] Ready!
[11:05:48 AM] [WARN] [TICKER] TPS: 17.543859649122805 | DELTA: 0.057
[11:05:54 AM] [WARN] [TICKER] TPS: 17.543859649122805 | DELTA: 0.057
[11:05:58 AM] [LOG] [Network] Connected with 0.0.0.1 ip
[11:05:58 AM] [WARN] [TICKER] TPS: 16.129032258064516 | DELTA: 0.062
[11:05:59 AM] [WARN] [TICKER] TPS: 6.097560975609756 | DELTA: 0.164
[11:06:00 AM] [WARN] [TICKER] TPS: 19.23076923076923 | DELTA: 0.052
[11:06:03 AM] [LOG] [Network] Connected with 0.0.0.1 ip
[11:06:07 AM] [LOG] [Command] restarver#2 issued command: tpt 1
[11:06:10 AM] [WARN] [TICKER] TPS: 12.195121951219512 | DELTA: 0.082
[11:06:22 AM] [WARN] [TICKER] TPS: 12.658227848101266 | DELTA: 0.079
[11:06:23 AM] [WARN] [TICKER] TPS: 16.39344262295082 | DELTA: 0.061
[11:06:26 AM] [WARN] [TICKER] TPS: 18.51851851851852 | DELTA: 0.054
[11:06:26 AM] [WARN] [TICKER] TPS: 17.543859649122805 | DELTA: 0.057
[11:06:34 AM] [WARN] [TICKER] TPS: 13.513513513513514 | DELTA: 0.074
[11:06:46 AM] [WARN] [TICKER] TPS: 10.416666666666666 | DELTA: 0.096
[11:06:58 AM] [WARN] [TICKER] TPS: 14.285714285714285 | DELTA: 0.07
[11:07:22 AM] [WARN] [TICKER] TPS: 10.638297872340425 | DELTA: 0.094
[11:07:27 AM] [WARN] [TICKER] TPS: 17.543859649122805 | DELTA: 0.057
[11:07:28 AM] [WARN] [TICKER] TPS: 16.666666666666668 | DELTA: 0.06
[11:07:28 AM] [WARN] [TICKER] TPS: 17.857142857142858 | DELTA: 0.056
[11:07:33 AM] [LOG] Player restarver#2|2 died by restarver#1|1 with reason 3
[11:07:34 AM] [LOG] [Network] Disconnected with 0.0.0.1 ip 1006 [object ArrayBuffer]
[11:07:34 AM] [WARN] [TICKER] TPS: 1.3736263736263736 | DELTA: 0.728
[11:07:34 AM] [WARN] [TICKER] TPS: 12.820512820512821 | DELTA: 0.078
[11:07:46 AM] [WARN] [TICKER] TPS: 11.76470588235294 | DELTA: 0.085
[11:08:22 AM] [WARN] [TICKER] TPS: 16.666666666666668 | DELTA: 0.06
[11:08:46 AM] [WARN] [TICKER] TPS: 19.607843137254903 | DELTA: 0.051
[11:08:58 AM] [WARN] [TICKER] TPS: 16.949152542372882 | DELTA: 0.059
[11:09:34 AM] [WARN] [TICKER] TPS: 19.607843137254903 | DELTA: 0.051
