[10:50:29 AM] [LOG] [Network] WebSocket server is listening on port 443
[10:50:29 AM] [LOG] [Content] Loading base content-pack
[10:50:29 AM] [LOG] [Content] Loaded 10 entities
[10:50:29 AM] [ERROR] [CommandSystem] Invalid command from path: C:\Users\HP\Desktop\nostarve-server-master (1)\famish server code\compiled\command\commands\building\clean-building.js
[10:50:30 AM] [WARN] [TICKER] TPS: 3.278688524590164 | DELTA: 0.305
[10:50:30 AM] [WARN] [TICKER] TPS: 12.658227848101266 | DELTA: 0.079
[10:50:31 AM] [LOG] [Discord] Ready!
[10:50:31 AM] [WARN] [TICKER] TPS: 17.241379310344826 | DELTA: 0.058
[10:50:38 AM] [LOG] [Network] Connected with 0.0.0.1 ip
[10:50:39 AM] [WARN] [TICKER] TPS: 14.705882352941176 | DELTA: 0.068
[10:50:41 AM] [WARN] [TICKER] TPS: 5.988023952095808 | DELTA: 0.167
[10:50:44 AM] [LOG] [Command] restarver#1 issued command: g 1 lava_sword
[10:50:46 AM] [LOG] [Command] restarver#1 issued command: g 1 lava_spear
[10:50:51 AM] [LOG] [Command] restarver#1 issued command: g 1 lava_helmet
[10:50:53 AM] [WARN] [TICKER] TPS: 12.820512820512821 | DELTA: 0.078
[10:50:56 AM] [WARN] [TICKER] TPS: 11.76470588235294 | DELTA: 0.085
[10:50:58 AM] [WARN] [TICKER] TPS: 19.607843137254903 | DELTA: 0.051
[10:50:58 AM] [WARN] [TICKER] TPS: 7.874015748031496 | DELTA: 0.127
[10:50:58 AM] [WARN] [TICKER] TPS: 15.625 | DELTA: 0.064
[10:50:58 AM] [WARN] [TICKER] TPS: 4.694835680751174 | DELTA: 0.213
[10:51:05 AM] [WARN] [TICKER] TPS: 15.625 | DELTA: 0.064
[10:51:28 AM] [LOG] [Command] restarver#1 issued command: ci
[10:51:29 AM] [WARN] [TICKER] TPS: 15.384615384615383 | DELTA: 0.065
[10:51:35 AM] [LOG] [Command] restarver#1 issued command: g 1 dragon_helmet
[10:51:39 AM] [LOG] [Command] restarver#1 issued command: g 1 dragon_spear
[10:51:41 AM] [WARN] [TICKER] TPS: 13.88888888888889 | DELTA: 0.072
[10:51:42 AM] [LOG] [Command] restarver#1 issued command: g 1 dragon_sword
[10:52:05 AM] [WARN] [TICKER] TPS: 13.698630136986303 | DELTA: 0.073
[10:52:17 AM] [WARN] [TICKER] TPS: 12.5 | DELTA: 0.08
[10:52:29 AM] [WARN] [TICKER] TPS: 8.333333333333334 | DELTA: 0.12
[10:52:41 AM] [WARN] [TICKER] TPS: 12.195121951219512 | DELTA: 0.082
[10:52:51 AM] [LOG] [Network] Connected with 0.0.0.1 ip
[10:52:53 AM] [WARN] [TICKER] TPS: 10.989010989010989 | DELTA: 0.091
[10:52:56 AM] [LOG] [Command] restarver#2 issued command: tpt 1
[10:53:05 AM] [WARN] [TICKER] TPS: 12.658227848101266 | DELTA: 0.079
[10:53:17 AM] [WARN] [TICKER] TPS: 12.195121951219512 | DELTA: 0.082
[10:53:27 AM] [WARN] [TICKER] TPS: 17.543859649122805 | DELTA: 0.057
[10:53:29 AM] [WARN] [TICKER] TPS: 5.025125628140703 | DELTA: 0.199
[10:53:30 AM] [WARN] [TICKER] TPS: 15.625 | DELTA: 0.064
[10:53:41 AM] [WARN] [TICKER] TPS: 12.658227848101266 | DELTA: 0.079
[10:53:46 AM] [WARN] [TICKER] TPS: 14.705882352941176 | DELTA: 0.068
[10:53:53 AM] [WARN] [TICKER] TPS: 11.11111111111111 | DELTA: 0.09
[10:54:05 AM] [WARN] [TICKER] TPS: 11.904761904761903 | DELTA: 0.084
[10:54:07 AM] [LOG] [Command] restarver#1 issued command: tp 1 137 110
[10:54:07 AM] [WARN] [TICKER] TPS: 10.989010989010989 | DELTA: 0.091
[10:54:09 AM] [LOG] [Command] restarver#1 issued command: tp 1 137 111
[10:54:10 AM] [LOG] [Command] restarver#1 issued command: tp 1 138 112
[10:54:11 AM] [LOG] [Command] restarver#1 issued command: tp 1 139 113
[10:54:12 AM] [LOG] [Command] restarver#1 issued command: tp 1 139 112
[10:54:14 AM] [LOG] [Command] restarver#1 issued command: tp 1 139 111
[10:54:15 AM] [LOG] [Command] restarver#1 issued command: tp 1 141 111
[10:54:15 AM] [LOG] [Command] restarver#1 issued command: tp 1 139 112
[10:54:16 AM] [LOG] [Command] restarver#1 issued command: tp 1 140 112
[10:54:17 AM] [WARN] [TICKER] TPS: 9.900990099009901 | DELTA: 0.101
[10:54:29 AM] [WARN] [TICKER] TPS: 12.195121951219512 | DELTA: 0.082
[10:54:39 AM] [LOG] [Command] restarver#2 issued command: heal
[10:54:40 AM] [LOG] [Command] restarver#2 issued command: heal
[10:54:41 AM] [WARN] [TICKER] TPS: 14.705882352941176 | DELTA: 0.068
[10:54:46 AM] [LOG] [Command] restarver#1 issued command: tp 1 139 109
[10:54:53 AM] [WARN] [TICKER] TPS: 10.869565217391305 | DELTA: 0.092
[10:55:01 AM] [WARN] [TICKER] TPS: 11.76470588235294 | DELTA: 0.085
[10:55:03 AM] [WARN] [TICKER] TPS: 17.241379310344826 | DELTA: 0.058
[10:55:05 AM] [WARN] [TICKER] TPS: 11.11111111111111 | DELTA: 0.09
[10:55:08 AM] [LOG] [Command] restarver#2 issued command: heal
[10:55:17 AM] [WARN] [TICKER] TPS: 13.333333333333334 | DELTA: 0.075
[10:55:28 AM] [WARN] [TICKER] TPS: 17.241379310344826 | DELTA: 0.058
[10:55:29 AM] [WARN] [TICKER] TPS: 9.708737864077671 | DELTA: 0.103
[10:55:41 AM] [WARN] [TICKER] TPS: 12.195121951219512 | DELTA: 0.082
[10:55:45 AM] [LOG] [Command] restarver#2 issued command: heal
[10:55:46 AM] [WARN] [TICKER] TPS: 10.638297872340425 | DELTA: 0.094
[10:55:53 AM] [WARN] [TICKER] TPS: 13.513513513513514 | DELTA: 0.074
[10:55:53 AM] [WARN] [TICKER] TPS: 14.285714285714285 | DELTA: 0.07
[10:55:54 AM] [LOG] [Command] restarver#2 issued command: heal
[10:55:57 AM] [WARN] [TICKER] TPS: 14.925373134328357 | DELTA: 0.067
[10:56:05 AM] [WARN] [TICKER] TPS: 8.474576271186441 | DELTA: 0.118
[10:56:14 AM] [LOG] [Command] restarver#2 issued command: heal
[10:56:17 AM] [WARN] [TICKER] TPS: 11.235955056179776 | DELTA: 0.089
[10:56:19 AM] [WARN] [TICKER] TPS: 18.181818181818183 | DELTA: 0.055
[10:56:20 AM] [WARN] [TICKER] TPS: 18.51851851851852 | DELTA: 0.054
[10:56:25 AM] [WARN] [TICKER] TPS: 13.513513513513514 | DELTA: 0.074
[10:56:26 AM] [LOG] [Command] restarver#2 issued command: heal
[10:56:27 AM] [LOG] [Command] restarver#2 issued command: tpt 1
[10:56:29 AM] [WARN] [TICKER] TPS: 14.705882352941176 | DELTA: 0.068
[10:56:32 AM] [LOG] [Command] restarver#2 issued command: tpt 1
[10:56:33 AM] [LOG] [Command] restarver#2 issued command: tpt 1
[10:56:35 AM] [LOG] [Command] restarver#2 issued command: tpt 1
[10:56:38 AM] [LOG] [Command] restarver#2 issued command: tpt 1
[10:56:41 AM] [WARN] [TICKER] TPS: 12.345679012345679 | DELTA: 0.081
[10:56:46 AM] [WARN] [TICKER] TPS: 10.526315789473685 | DELTA: 0.095
[10:56:49 AM] [LOG] [Command] restarver#2 issued command: heal
[10:56:53 AM] [WARN] [TICKER] TPS: 11.235955056179776 | DELTA: 0.089
[10:56:54 AM] [LOG] [Command] restarver#1 issued command: tp 1 140 110
[10:57:05 AM] [WARN] [TICKER] TPS: 13.698630136986303 | DELTA: 0.073
[10:57:17 AM] [WARN] [TICKER] TPS: 16.39344262295082 | DELTA: 0.061
[10:57:29 AM] [WARN] [TICKER] TPS: 14.285714285714285 | DELTA: 0.07
[10:57:41 AM] [WARN] [TICKER] TPS: 9.708737864077671 | DELTA: 0.103
[10:57:50 AM] [LOG] [Command] restarver#2 issued command: heal
[10:57:52 AM] [WARN] [TICKER] TPS: 16.949152542372882 | DELTA: 0.059
[10:57:53 AM] [WARN] [TICKER] TPS: 14.925373134328357 | DELTA: 0.067
[10:58:05 AM] [WARN] [TICKER] TPS: 18.181818181818183 | DELTA: 0.055
[10:58:17 AM] [WARN] [TICKER] TPS: 16.949152542372882 | DELTA: 0.059
[10:58:18 AM] [WARN] [TICKER] TPS: 17.241379310344826 | DELTA: 0.058
[10:58:29 AM] [WARN] [TICKER] TPS: 16.666666666666668 | DELTA: 0.06
[10:58:41 AM] [WARN] [TICKER] TPS: 18.867924528301888 | DELTA: 0.053
[10:58:53 AM] [WARN] [TICKER] TPS: 19.607843137254903 | DELTA: 0.051
[10:59:05 AM] [WARN] [TICKER] TPS: 15.15151515151515 | DELTA: 0.066
[10:59:17 AM] [WARN] [TICKER] TPS: 14.492753623188404 | DELTA: 0.069
[10:59:29 AM] [WARN] [TICKER] TPS: 15.15151515151515 | DELTA: 0.066
[10:59:41 AM] [WARN] [TICKER] TPS: 14.705882352941176 | DELTA: 0.068
[10:59:53 AM] [WARN] [TICKER] TPS: 12.820512820512821 | DELTA: 0.078
[11:00:05 AM] [WARN] [TICKER] TPS: 13.88888888888889 | DELTA: 0.072
[11:00:09 AM] [WARN] [TICKER] TPS: 18.51851851851852 | DELTA: 0.054
[11:00:09 AM] [WARN] [TICKER] TPS: 11.49425287356322 | DELTA: 0.087
[11:00:17 AM] [WARN] [TICKER] TPS: 11.904761904761903 | DELTA: 0.084
[11:00:26 AM] [LOG] [Command] restarver#2 issued command: heal
[11:00:29 AM] [LOG] [SaveSystem] Saving 304 entities
[11:00:29 AM] [WARN] [TICKER] TPS: 13.698630136986303 | DELTA: 0.073
[11:00:40 AM] [LOG] [Command] restarver#2 issued command: heal
[11:00:41 AM] [WARN] [TICKER] TPS: 10.869565217391305 | DELTA: 0.092
[11:00:53 AM] [WARN] [TICKER] TPS: 15.384615384615383 | DELTA: 0.065
[11:00:59 AM] [WARN] [TICKER] TPS: 19.607843137254903 | DELTA: 0.051
[11:01:01 AM] [WARN] [TICKER] TPS: 19.607843137254903 | DELTA: 0.051
[11:01:02 AM] [WARN] [TICKER] TPS: 8.695652173913043 | DELTA: 0.115
[11:01:05 AM] [WARN] [TICKER] TPS: 16.666666666666668 | DELTA: 0.06
